2023/03/27 19:04:45 search.go:22: Профессия: автослесарь 4 разряд | Город: Russia | Найдено: 50
2023/03/27 19:04:47 vacancy.go:27: Успех: Вакансия Слесарь по ремонту автомобилей (4 разряд) была добавлена в базу
2023/03/27 19:04:47 vacancy.go:27: Успех: Вакансия Слесарь по ремонту автомобилей (4 разряда) была добавлена в базу
2023/03/27 19:04:47 vacancy.go:19: Ошибка: Вакансия Слесарь по ремонту автомобилей (4 разряда) не была добавлена в базу - Error 1062 (23000): Duplicate entry '447-https://hh.ru/vacancy/78249282' for key 'h_skills_vacancy.PRIMARY'
2023/03/27 19:04:47 vacancy.go:19: Ошибка: Вакансия Слесарь по ремонту автомобилей (3 и 4 разряд) не была добавлена в базу - Error 1062 (23000): Duplicate entry '447-https://hh.ru/vacancy/77542755' for key 'h_skills_vacancy.PRIMARY'
2023/03/27 19:04:47 vacancy.go:27: Успех: Вакансия Слесарь по ремонту автомобилей 4 - 6 разряд была добавлена в базу
2023/03/27 19:04:47 vacancy.go:27: Успех: Вакансия Слесарь по ремонту автомобилей 4,5,6 разряда была добавлена в базу
2023/03/27 19:04:47 vacancy.go:27: Успех: Вакансия Автослесарь грузовых автомобилей 4 разряда была добавлена в базу
2023/03/27 19:04:47 vacancy.go:19: Ошибка: Вакансия Слесарь по ремонту автомобилей (4 разряда,5 разряда) не была добавлена в базу - Error 1062 (23000): Duplicate entry '447-https://hh.ru/vacancy/75651779' for key 'h_skills_vacancy.PRIMARY'
2023/03/27 19:04:47 vacancy.go:19: Ошибка: Вакансия Слесарь по ремонту автомобилей (4 разряда) не была добавлена в базу - Error 1062 (23000): Duplicate entry '447-https://hh.ru/vacancy/77897476' for key 'h_skills_vacancy.PRIMARY'
2023/03/27 19:04:47 vacancy.go:27: Успех: Вакансия Слесарь по ремонту автомобилей (4 разряда,5 разряда) была добавлена в базу
2023/03/27 19:04:47 vacancy.go:27: Успех: Вакансия Слесарь по ремонту автомобилей (4-5 разрядов) была добавлена в базу
2023/03/27 19:04:47 vacancy.go:19: Ошибка: Вакансия Слесарь по ремонту автомобилей (4 разряда) не была добавлена в базу - Error 1062 (23000): Duplicate entry '447-https://hh.ru/vacancy/77256796' for key 'h_skills_vacancy.PRIMARY'
2023/03/27 19:04:48 vacancy.go:27: Успех: Вакансия Слесарь по ремонту автомобилей 4 разряда была добавлена в базу
2023/03/27 19:04:48 vacancy.go:27: Успех: Вакансия Слесарь по ремонту автомобилей (4,5 разряда) была добавлена в базу
2023/03/27 19:04:48 vacancy.go:27: Успех: Вакансия Слесарь по ремонту автомобилей (4 разряда) была добавлена в базу
2023/03/27 19:04:48 vacancy.go:27: Успех: Вакансия Слесарь по ремонту автомобилей 4 разряда (ТУ Воскресенского ПО Коломенского филиала) была добавлена в базу
2023/03/27 19:04:48 vacancy.go:19: Ошибка: Вакансия Слесарь по ремонту автомобилей 4,5,6 разряда не была добавлена в базу - Error 1062 (23000): Duplicate entry '447-https://hh.ru/vacancy/77914952' for key 'h_skills_vacancy.PRIMARY'
2023/03/27 19:04:48 vacancy.go:27: Успех: Вакансия Слесарь по ремонту автомобилей 4-6 разряда была добавлена в базу
2023/03/27 19:04:48 vacancy.go:19: Ошибка: Вакансия Слесарь по ремонту автомобилей 4-6 разрядов не была добавлена в базу - Error 1062 (23000): Duplicate entry '447-https://hh.ru/vacancy/74168938' for key 'h_skills_vacancy.PRIMARY'
2023/03/27 19:04:48 vacancy.go:19: Ошибка: Вакансия Слесарь по ремонту автомобилей 4-6 разряд ЦСО ГТК не была добавлена в базу - Error 1062 (23000): Duplicate entry '447-https://hh.ru/vacancy/78005347' for key 'h_skills_vacancy.PRIMARY'
2023/03/27 19:04:48 vacancy.go:19: Ошибка: Вакансия Слесарь по ремонту автомобилей 4-5 разряд (г.Лянтор) не была добавлена в базу - Error 1062 (23000): Duplicate entry '447-https://hh.ru/vacancy/40637069' for key 'h_skills_vacancy.PRIMARY'
2023/03/27 19:04:48 vacancy.go:27: Успех: Вакансия Слесарь по ремонту автомобилей (4 разряда) была добавлена в базу
2023/03/27 19:04:48 vacancy.go:27: Успех: Вакансия Водитель автомобиля 5 разряда/слесарь по ремонту автомобилей 4 разряда была добавлена в базу
2023/03/27 19:04:48 vacancy.go:27: Успех: Вакансия Слесарь по ремонту автомобилей 4,5 разряда была добавлена в базу
2023/03/27 19:04:48 vacancy.go:27: Успех: Вакансия Слесарь по ремонту автомобилей (4 разряда) была добавлена в базу
2023/03/27 19:04:48 vacancy.go:19: Ошибка: Вакансия Слесарь по ремонту автомобилей, 4-6 разряд не была добавлена в базу - Error 1062 (23000): Duplicate entry '447-https://hh.ru/vacancy/77966880' for key 'h_skills_vacancy.PRIMARY'
2023/03/27 19:04:48 vacancy.go:27: Успех: Вакансия Слесарь по ремонту автомобилей 4 разряда была добавлена в базу
2023/03/27 19:04:48 vacancy.go:27: Успех: Вакансия Слесарь по ремонту автомобилей (4 разряда) была добавлена в базу
2023/03/27 19:04:48 vacancy.go:27: Успех: Вакансия Слесарь по ремонту автомобилей 4 разряда была добавлена в базу
2023/03/27 19:04:48 vacancy.go:19: Ошибка: Вакансия Слесарь по ремонту автомобилей 4 разряда (Салехардский район электрических сетей) не была добавлена в базу - Error 1062 (23000): Duplicate entry '447-https://hh.ru/vacancy/78019061' for key 'h_skills_vacancy.PRIMARY'
2023/03/27 19:04:48 vacancy.go:19: Ошибка: Вакансия Слесарь по ремонту автомобилей (автоэлектрик) 4-6 разряд не была добавлена в базу - Error 1062 (23000): Duplicate entry '447-https://hh.ru/vacancy/77860221' for key 'h_skills_vacancy.PRIMARY'
2023/03/27 19:04:48 vacancy.go:27: Успех: Вакансия Слесарь по ремонту автомобилей (4 разряда) была добавлена в базу
2023/03/27 19:04:48 vacancy.go:27: Успех: Вакансия Слесарь по ремонту автомобилей (4 разряда) была добавлена в базу
2023/03/27 19:04:48 vacancy.go:27: Успех: Вакансия Слесарь по ремонту автомобилей 4 разряд (в автогараж) была добавлена в базу
2023/03/27 19:04:48 vacancy.go:19: Ошибка: Вакансия Слесарь по ремонту автомобилей (4 разряда) не была добавлена в базу - Error 1062 (23000): Duplicate entry '447-https://hh.ru/vacancy/77002270' for key 'h_skills_vacancy.PRIMARY'
2023/03/27 19:04:48 vacancy.go:27: Успех: Вакансия Слесарь по ремонту автомобилей 4,5,6 разряда была добавлена в базу
2023/03/27 19:04:48 vacancy.go:19: Ошибка: Вакансия Слесарь по ремонту автомобилей (4 разряда) не была добавлена в базу - Error 1062 (23000): Duplicate entry '447-https://hh.ru/vacancy/78589605' for key 'h_skills_vacancy.PRIMARY'
2023/03/27 19:04:49 vacancy.go:27: Успех: Вакансия Слесарь по ремонту автомобилей 4 разряда была добавлена в базу
2023/03/27 19:04:49 vacancy.go:27: Успех: Вакансия Слесарь по ремонту автомобилей 4,5,6 разряда была добавлена в базу
2023/03/27 19:04:49 vacancy.go:27: Успех: Вакансия Слесарь по ремонту автомобилей 4-5 разряда была добавлена в базу
2023/03/27 19:04:49 vacancy.go:19: Ошибка: Вакансия Слесарь по ремонту автомобилей (4 разряда) не была добавлена в базу - Error 1062 (23000): Duplicate entry '447-https://hh.ru/vacancy/69765504' for key 'h_skills_vacancy.PRIMARY'
2023/03/27 19:04:49 vacancy.go:27: Успех: Вакансия Слесарь по ремонту автомобилей 4,5,6 разряда была добавлена в базу
2023/03/27 19:04:49 vacancy.go:27: Успех: Вакансия Слесарь по ремонту автомобилей 4,5,6 разряда была добавлена в базу
2023/03/27 19:04:49 vacancy.go:27: Успех: Вакансия Слесарь по ремонту автомобилей 4 разряда (ТУ Серпуховского ПО Коломенского филиала) была добавлена в базу
2023/03/27 19:04:49 vacancy.go:27: Успех: Вакансия Слесарь по ремонту автомобилей (4 разряда) была добавлена в базу
2023/03/27 19:04:49 vacancy.go:27: Успех: Вакансия Слесарь по ремонту автомобилей 4-5 разряда была добавлена в базу
2023/03/27 19:04:49 vacancy.go:27: Успех: Вакансия Слесарь по ремонту автомобилей (4 разряда) была добавлена в базу
2023/03/27 19:04:49 vacancy.go:27: Успех: Вакансия Слесарь по ремонту автомобилей 4-го разряда, 6-го разряда была добавлена в базу
2023/03/27 19:04:49 vacancy.go:19: Ошибка: Вакансия Слесарь по ремонту автомобилей (4, 5, 6 разрядов) не была добавлена в базу - Error 1062 (23000): Duplicate entry '447-https://hh.ru/vacancy/71861589' for key 'h_skills_vacancy.PRIMARY'
2023/03/27 19:04:49 vacancy.go:27: Успех: Вакансия Слесарь по ремонту автомобилей и тракторов 4 разряда была добавлена в базу
2023/03/27 19:04:50 search.go:22: Профессия: автослесарь 5 разряд | Город: Russia | Найдено: 101
2023/03/27 19:04:53 vacancy.go:27: Успех: Вакансия Слесарь по ремонту автомобилей (5 разряда) была добавлена в базу
2023/03/27 19:04:53 vacancy.go:27: Успех: Вакансия Слесарь по ремонту автомобилей и тракторов 5 разряда была добавлена в базу
2023/03/27 19:04:53 vacancy.go:27: Успех: Вакансия Слесарь по ремонту автомобилей (5 разряд) была добавлена в базу
2023/03/27 19:04:53 vacancy.go:27: Успех: Вакансия Слесарь по ремонту автомобилей 5,6 разряда была добавлена в базу
2023/03/27 19:04:53 vacancy.go:27: Успех: Вакансия Слесарь по ремонту автомобилей (5 разряд) была добавлена в базу
2023/03/27 19:04:53 vacancy.go:27: Успех: Вакансия Слесарь по ремонту автомобилей (5 разряд) была добавлена в базу
2023/03/27 19:04:53 vacancy.go:27: Успех: Вакансия Слесарь по ремонту автомобилей (4-5 разрядов) была добавлена в базу
2023/03/27 19:04:53 vacancy.go:27: Успех: Вакансия Слесарь по ремонту автомобилей (5 разряд) была добавлена в базу
2023/03/27 19:04:53 vacancy.go:27: Успех: Вакансия Слесарь по ремонту автомобилей (4 разряда,5 разряда) была добавлена в базу
2023/03/27 19:04:53 vacancy.go:27: Успех: Вакансия Слесарь по ремонту автомобилей 5 разряда была добавлена в базу
2023/03/27 19:04:53 vacancy.go:27: Успех: Вакансия Слесарь по ремонту автомобилей 5 разряд (в пгт Таксимо) была добавлена в базу
2023/03/27 19:04:53 vacancy.go:27: Успех: Вакансия Слесарь по ремонту автомобилей 5 разряд была добавлена в базу
2023/03/27 19:04:53 vacancy.go:27: Успех: Вакансия Слесарь по ремонту автомобилей 5 разряд (в пгт Таксимо) была добавлена в базу
2023/03/27 19:04:53 vacancy.go:27: Успех: Вакансия Слесарь по ремонту автомобилей 4-5 разряда была добавлена в базу
2023/03/27 19:04:53 vacancy.go:27: Успех: Вакансия Слесарь по ремонту автомобилей 5 разряд (в пгт Таксимо) была добавлена в базу
2023/03/27 19:04:54 vacancy.go:27: Успех: Вакансия Слесарь по ремонту автомобилей 5 разряда была добавлена в базу
2023/03/27 19:04:54 vacancy.go:27: Успех: Вакансия Слесарь по ремонту автомобилей 5-6 разряд (Гараж) была добавлена в базу
2023/03/27 19:04:54 vacancy.go:27: Успех: Вакансия Слесарь по ремонту автомобилей 5 разряда была добавлена в базу
